<?xml version="1.0" encoding="UTF-8"?>
<!-- Generated by org.testng.reporters.JUnitReportReporter -->
<testsuite hostname="Vignesh" failures="0" tests="5" name="testcase.API_Validation" time="5.142" errors="0" timestamp="2025-07-20T19:53:36 IST" skipped="0">
  <testcase classname="testcase.API_Validation" name="patchUpdateUsers2" time="1.219"/>
  <testcase classname="testcase.API_Validation" name="putUpdateUser2" time="0.719"/>
  <testcase classname="testcase.API_Validation" name="deleteUser2" time="2.001"/>
  <testcase classname="testcase.API_Validation" name="getListOfUsersInPage2" time="0.383"/>
  <testcase classname="testcase.API_Validation" name="postCreateNewUser" time="0.820"/>
</testsuite> <!-- testcase.API_Validation -->
