<?xml version="1.0" encoding="UTF-8"?>
<!-- Generated by org.testng.reporters.JUnitReportReporter -->
<testsuite hostname="Vignesh" failures="0" tests="5" name="testcase.API_Validation" time="5.907" errors="0" timestamp="2025-07-20T18:01:42 IST" skipped="0">
  <testcase classname="testcase.API_Validation" name="getListOfUsersInPage2" time="0.385"/>
  <testcase classname="testcase.API_Validation" name="postCreateNewUser" time="1.112"/>
  <testcase classname="testcase.API_Validation" name="deleteUser2" time="2.138"/>
  <testcase classname="testcase.API_Validation" name="patchUpdateUsers2" time="1.236"/>
  <testcase classname="testcase.API_Validation" name="putUpdateUser2" time="1.036"/>
</testsuite> <!-- testcase.API_Validation -->
