<?xml version="1.0" encoding="UTF-8"?>
<!-- Generated by org.testng.reporters.JUnitReportReporter -->
<testsuite hostname="Vignesh" failures="0" tests="6" name="testcase.API_Validation" time="5.757" errors="0" timestamp="2025-07-21T13:43:26 IST" skipped="0">
  <testcase classname="testcase.API_Validation" name="postCreateNewUserUsingExternalFile" time="0.828"/>
  <testcase classname="testcase.API_Validation" name="getListOfUsersInPage2" time="0.423"/>
  <testcase classname="testcase.API_Validation" name="postCreateNewUser" time="0.908"/>
  <testcase classname="testcase.API_Validation" name="patchUpdateUsers2" time="1.066"/>
  <testcase classname="testcase.API_Validation" name="deleteUser2" time="1.859"/>
  <testcase classname="testcase.API_Validation" name="putUpdateUser2" time="0.673"/>
</testsuite> <!-- testcase.API_Validation -->
