<?xml version="1.0" encoding="UTF-8"?>
<!-- Generated by org.testng.reporters.JUnitReportReporter -->
<testsuite hostname="Vignesh" failures="0" tests="8" name="testcase.API_Validation" time="7.928" errors="0" timestamp="2025-07-22T23:50:43 IST" skipped="0">
  <testcase classname="testcase.API_Validation" name="patchUpdateUsers2" time="0.918"/>
  <testcase classname="testcase.API_Validation" name="getListOfUsersInPage1" time="1.258"/>
  <testcase classname="testcase.API_Validation" name="putUpdateUser2" time="0.820"/>
  <testcase classname="testcase.API_Validation" name="postCreateNewUserUsingExternalFile" time="0.574"/>
  <testcase classname="testcase.API_Validation" name="postCreateNewUser" time="0.778"/>
  <testcase classname="testcase.API_Validation" name="getListOfUsersInPage2" time="0.206"/>
  <testcase classname="testcase.API_Validation" name="deleteUser2" time="1.702"/>
  <testcase classname="testcase.API_Validation" name="digestAuth" time="1.672"/>
</testsuite> <!-- testcase.API_Validation -->
