<?xml version="1.0" encoding="UTF-8"?>
<!-- Generated by org.testng.reporters.JUnitReportReporter -->
<testsuite hostname="Vignesh" failures="0" tests="10" name="testcase.API_Validation" time="10.810" errors="0" timestamp="2025-07-25T02:08:08 IST" skipped="0">
  <testcase classname="testcase.API_Validation" name="deleteUser2" time="1.644"/>
  <testcase classname="testcase.API_Validation" name="getListOfUsersInPage1" time="0.577"/>
  <testcase classname="testcase.API_Validation" name="putUpdateUser2" time="0.277"/>
  <testcase classname="testcase.API_Validation" name="postCreateNewUserUsingExternalFile" time="0.594"/>
  <testcase classname="testcase.API_Validation" name="patchUpdateUsers2" time="0.919"/>
  <testcase classname="testcase.API_Validation" name="postCreateNewUser" time="0.609"/>
  <testcase classname="testcase.API_Validation" name="getListOfUsersInPage2" time="0.076"/>
  <testcase classname="testcase.API_Validation" name="digestAuth" time="2.071"/>
  <testcase classname="testcase.API_Validation" name="apiResponseValidation_BDDStyle" time="0.198"/>
  <testcase classname="testcase.API_Validation" name="apiAuthenticationBDDStyle" time="3.845"/>
</testsuite> <!-- testcase.API_Validation -->
